<?xml version="1.0" encoding="UTF-8"?>
<testng-results skipped="0" failed="0" total="4" passed="4">
  <reporter-output>
  </reporter-output>
  <suite name="Command line suite" duration-ms="41626" started-at="2015-12-19T16:30:43Z" finished-at="2015-12-19T16:31:25Z">
    <groups>
    </groups>
    <test name="Command line test" duration-ms="41626" started-at="2015-12-19T16:30:43Z" finished-at="2015-12-19T16:31:25Z">
      <class name="HomePage1Test">
        <test-method status="PASS" signature="testThatUserShouldBeAbleToClickDownloadButton()" name="testThatUserShouldBeAbleToClickDownloadButton" duration-ms="9837" started-at="2015-12-19T16:30:43Z" finished-at="2015-12-19T16:30:53Z">
        </test-method>
        <test-method status="PASS" signature="testThatUserShouldBeAbleToClickOnProjectsButton()" name="testThatUserShouldBeAbleToClickOnProjectsButton" duration-ms="12257" started-at="2015-12-19T16:30:53Z" finished-at="2015-12-19T16:31:05Z">
        </test-method>
      </class>
      <class name="HomePageTest">
        <test-method status="PASS" signature="testThatUserShouldBeAbleToClickDownloadButton()" name="testThatUserShouldBeAbleToClickDownloadButton" duration-ms="10824" started-at="2015-12-19T16:31:05Z" finished-at="2015-12-19T16:31:16Z">
        </test-method>
        <test-method status="PASS" signature="testThatUserShouldBeAbleToClickOnProjectsButton()" name="testThatUserShouldBeAbleToClickOnProjectsButton" duration-ms="8686" started-at="2015-12-19T16:31:16Z" finished-at="2015-12-19T16:31:25Z">
        </test-method>
      </class>
    </test>
  </suite>
</testng-results>
